<?xml version="1.0" encoding="UTF-8"?>
<!-- Generated by org.testng.reporters.JUnitReportReporter -->
<testsuite skipped="0" hostname="DESKTOP-EUNFVH5" name="DemoGit.Demo" tests="1" failures="0" timestamp="10 Mar 2022 10:02:31 GMT" time="0.012" errors="0">
  <testcase name="demo" time="0.012" classname="DemoGit.Demo"/>
</testsuite> <!-- DemoGit.Demo -->
